<?xml version="1.0" encoding="UTF-8"?>
<!-- Generated by org.testng.reporters.JUnitReportReporter -->
<testsuite skipped="0" hostname="DESKTOP-D0FJUQP" name="dropdown.SelectTagdropDdown" tests="1" failures="0" timestamp="03 Nov 2019 14:24:08 GMT" time="25.067" errors="0">
  <testcase name="dropdownmethod" time="25.067" classname="dropdown.SelectTagdropDdown"/>
</testsuite> <!-- dropdown.SelectTagdropDdown -->
