<?xml version="1.0" encoding="UTF-8"?>
<!-- Generated by org.testng.reporters.JUnitReportReporter -->
<testsuite skipped="0" hostname="DESKTOP-D0FJUQP" name="allConcepts.MouseMovements" tests="1" failures="0" timestamp="04 Nov 2019 13:43:19 GMT" time="25.134" errors="0">
  <testcase name="mouseActions" time="25.134" classname="allConcepts.MouseMovements"/>
</testsuite> <!-- allConcepts.MouseMovements -->
