<?xml version="1.0" encoding="UTF-8"?>
<!-- Generated by org.testng.reporters.JUnitReportReporter -->
<testsuite skipped="0" hostname="DESKTOP-D0FJUQP" name="allConcepts.HandleFrames" tests="1" failures="0" timestamp="04 Nov 2019 13:44:01 GMT" time="24.829" errors="0">
  <testcase name="Bootstrapdropdown" time="24.829" classname="allConcepts.HandleFrames"/>
</testsuite> <!-- allConcepts.HandleFrames -->
