<?xml version="1.0" encoding="UTF-8"?>
<!-- Generated by org.testng.reporters.JUnitReportReporter -->
<testsuite skipped="0" hostname="DESKTOP-D0FJUQP" name="dropdown.NoSelectTagDropDown" tests="1" failures="0" timestamp="04 Nov 2019 09:50:56 GMT" time="81.144" errors="0">
  <testcase name="Bootstrapdropdown" time="81.144" classname="dropdown.NoSelectTagDropDown"/>
</testsuite> <!-- dropdown.NoSelectTagDropDown -->
