<?xml version="1.0" encoding="UTF-8"?>
<!-- Generated by org.testng.reporters.JUnitReportReporter -->
<testsuite skipped="0" hostname="DESKTOP-D0FJUQP" name="allConcepts.MouseRightClick" tests="1" failures="0" timestamp="05 Nov 2019 03:22:00 GMT" time="16.966" errors="0">
  <testcase name="mouseActions" time="16.966" classname="allConcepts.MouseRightClick"/>
</testsuite> <!-- allConcepts.MouseRightClick -->
