<?xml version="1.0" encoding="UTF-8"?>
<!-- Generated by org.testng.reporters.JUnitReportReporter -->
<testsuite skipped="0" hostname="DESKTOP-D0FJUQP" name="allConcepts.MouseDoubleClick" tests="1" failures="0" timestamp="05 Nov 2019 03:55:43 GMT" time="12.641" errors="0">
  <testcase name="doubleClick" time="12.641" classname="allConcepts.MouseDoubleClick"/>
</testsuite> <!-- allConcepts.MouseDoubleClick -->
