<?xml version="1.0" encoding="UTF-8"?>
<!-- Generated by org.testng.reporters.JUnitReportReporter -->
<testsuite skipped="0" hostname="DESKTOP-D0FJUQP" name="allConcepts.writeDataExcelFile" tests="1" failures="0" timestamp="11 Nov 2019 10:57:44 GMT" time="0.868" errors="0">
  <testcase name="writeData" time="0.868" classname="allConcepts.writeDataExcelFile"/>
</testsuite> <!-- allConcepts.writeDataExcelFile -->
