<?xml version="1.0" encoding="UTF-8"?>
<!-- Generated by org.testng.reporters.JUnitReportReporter -->
<testsuite skipped="0" hostname="DESKTOP-D0FJUQP" name="allConcepts.NoSelectTagDropDown" tests="1" failures="0" timestamp="05 Nov 2019 03:29:04 GMT" time="53.384" errors="0">
  <testcase name="Bootstrapdropdown" time="53.384" classname="allConcepts.NoSelectTagDropDown"/>
</testsuite> <!-- allConcepts.NoSelectTagDropDown -->
