<?xml version="1.0" encoding="UTF-8"?>
<!-- Generated by org.testng.reporters.JUnitReportReporter -->
<testsuite skipped="0" hostname="DESKTOP-D0FJUQP" name="dropdown.HandleFrames" tests="1" failures="0" timestamp="04 Nov 2019 10:05:28 GMT" time="20.859" errors="0">
  <testcase name="Bootstrapdropdown" time="20.859" classname="dropdown.HandleFrames"/>
</testsuite> <!-- dropdown.HandleFrames -->
